<?xml version="1.0" encoding="UTF-8"?>
<coverage generated="1739397751103" clover="3.2.0">
  <project timestamp="1739397751103" name="All files">
    <metrics statements="101" coveredstatements="62" conditionals="52" coveredconditionals="29" methods="22" coveredmethods="14" elements="175" coveredelements="105" complexity="0" loc="101" ncloc="101" packages="4" files="10" classes="10"/>
    <package name="app.(tabs)">
      <metrics statements="84" coveredstatements="45" conditionals="35" coveredconditionals="13" methods="18" coveredmethods="10"/>
      <file name="CampusMap.tsx" path="C:\Users\luhud\Downloads\MobileApp\Minicap\src\app\(tabs)\CampusMap.tsx">
        <metrics statements="78" coveredstatements="39" conditionals="35" coveredconditionals="13" methods="15" coveredmethods="7"/>
        <line num="19" count="1" type="stmt"/>
        <line num="28" count="1" type="stmt"/>
        <line num="43" count="1" type="stmt"/>
        <line num="50" count="1" type="stmt"/>
        <line num="57" count="1" type="stmt"/>
        <line num="58" count="8" type="cond" truecount="1" falsecount="1"/>
        <line num="61" count="8" type="cond" truecount="1" falsecount="1"/>
        <line num="64" count="8" type="stmt"/>
        <line num="65" count="8" type="stmt"/>
        <line num="66" count="8" type="stmt"/>
        <line num="67" count="8" type="stmt"/>
        <line num="68" count="8" type="stmt"/>
        <line num="69" count="8" type="stmt"/>
        <line num="75" count="8" type="stmt"/>
        <line num="76" count="0" type="stmt"/>
        <line num="77" count="0" type="stmt"/>
        <line num="79" count="0" type="stmt"/>
        <line num="80" count="0" type="cond" truecount="0" falsecount="2"/>
        <line num="81" count="0" type="stmt"/>
        <line num="82" count="0" type="stmt"/>
        <line num="85" count="0" type="stmt"/>
        <line num="86" count="0" type="stmt"/>
        <line num="90" count="0" type="stmt"/>
        <line num="97" count="0" type="stmt"/>
        <line num="98" count="0" type="stmt"/>
        <line num="102" count="0" type="stmt"/>
        <line num="105" count="8" type="stmt"/>
        <line num="106" count="0" type="cond" truecount="0" falsecount="2"/>
        <line num="107" count="0" type="stmt"/>
        <line num="111" count="8" type="stmt"/>
        <line num="112" count="8" type="stmt"/>
        <line num="113" count="496" type="cond" truecount="1" falsecount="1"/>
        <line num="114" count="496" type="stmt"/>
        <line num="116" count="7760" type="cond" truecount="3" falsecount="1"/>
        <line num="117" count="7760" type="stmt"/>
        <line num="118" count="7760" type="stmt"/>
        <line num="120" count="0" type="stmt"/>
        <line num="121" count="0" type="stmt"/>
        <line num="123" count="7760" type="stmt"/>
        <line num="125" count="496" type="stmt"/>
        <line num="127" count="7760" type="stmt"/>
        <line num="128" count="7760" type="stmt"/>
        <line num="129" count="7760" type="stmt"/>
        <line num="134" count="496" type="stmt"/>
        <line num="135" count="496" type="stmt"/>
        <line num="138" count="496" type="stmt"/>
        <line num="142" count="496" type="stmt"/>
        <line num="154" count="0" type="stmt"/>
        <line num="173" count="0" type="stmt"/>
        <line num="176" count="0" type="stmt"/>
        <line num="180" count="8" type="stmt"/>
        <line num="181" count="0" type="stmt"/>
        <line num="182" count="0" type="stmt"/>
        <line num="183" count="0" type="stmt"/>
        <line num="185" count="0" type="cond" truecount="0" falsecount="2"/>
        <line num="186" count="0" type="stmt"/>
        <line num="187" count="0" type="cond" truecount="0" falsecount="2"/>
        <line num="188" count="0" type="stmt"/>
        <line num="189" count="0" type="stmt"/>
        <line num="191" count="0" type="stmt"/>
        <line num="194" count="0" type="stmt"/>
        <line num="198" count="0" type="stmt"/>
        <line num="205" count="0" type="stmt"/>
        <line num="206" count="0" type="stmt"/>
        <line num="208" count="0" type="stmt"/>
        <line num="209" count="0" type="stmt"/>
        <line num="211" count="0" type="stmt"/>
        <line num="215" count="8" type="stmt"/>
        <line num="216" count="0" type="cond" truecount="0" falsecount="2"/>
        <line num="217" count="0" type="stmt"/>
        <line num="221" count="8" type="stmt"/>
        <line num="231" count="0" type="stmt"/>
        <line num="298" count="1" type="stmt"/>
        <line num="299" count="9" type="stmt"/>
        <line num="300" count="8" type="cond" truecount="1" falsecount="1"/>
        <line num="302" count="8" type="stmt"/>
        <line num="309" count="0" type="stmt"/>
        <line num="319" count="1" type="stmt"/>
      </file>
      <file name="ClassSchedule.tsx" path="C:\Users\luhud\Downloads\MobileApp\Minicap\src\app\(tabs)\ClassSchedule.tsx">
        <metrics statements="2" coveredstatements="2" conditionals="0" coveredconditionals="0" methods="1" coveredmethods="1"/>
        <line num="5" count="1" type="stmt"/>
        <line num="6" count="1" type="stmt"/>
      </file>
      <file name="FindBuilding.tsx" path="C:\Users\luhud\Downloads\MobileApp\Minicap\src\app\(tabs)\FindBuilding.tsx">
        <metrics statements="2" coveredstatements="2" conditionals="0" coveredconditionals="0" methods="1" coveredmethods="1"/>
        <line num="5" count="1" type="stmt"/>
        <line num="6" count="1" type="stmt"/>
      </file>
      <file name="Home.tsx" path="C:\Users\luhud\Downloads\MobileApp\Minicap\src\app\(tabs)\Home.tsx">
        <metrics statements="2" coveredstatements="2" conditionals="0" coveredconditionals="0" methods="1" coveredmethods="1"/>
        <line num="5" count="1" type="stmt"/>
        <line num="6" count="1" type="stmt"/>
      </file>
    </package>
    <package name="components">
      <metrics statements="9" coveredstatements="9" conditionals="13" coveredconditionals="13" methods="3" coveredmethods="3"/>
      <file name="Loader.tsx" path="C:\Users\luhud\Downloads\MobileApp\Minicap\src\components\Loader.tsx">
        <metrics statements="4" coveredstatements="4" conditionals="2" coveredconditionals="2" methods="1" coveredmethods="1"/>
        <line num="9" count="1" type="stmt"/>
        <line num="10" count="2" type="stmt"/>
        <line num="12" count="2" type="cond" truecount="2" falsecount="0"/>
        <line num="14" count="1" type="stmt"/>
      </file>
      <file name="ThemedText.tsx" path="C:\Users\luhud\Downloads\MobileApp\Minicap\src\components\ThemedText.tsx">
        <metrics statements="3" coveredstatements="3" conditionals="11" coveredconditionals="11" methods="1" coveredmethods="1"/>
        <line num="18" count="7" type="stmt"/>
        <line num="20" count="7" type="stmt"/>
        <line num="36" count="1" type="stmt"/>
      </file>
      <file name="ThemedView.tsx" path="C:\Users\luhud\Downloads\MobileApp\Minicap\src\components\ThemedView.tsx">
        <metrics statements="2" coveredstatements="2" conditionals="0" coveredconditionals="0" methods="1" coveredmethods="1"/>
        <line num="16" count="3" type="stmt"/>
        <line num="21" count="3" type="stmt"/>
      </file>
    </package>
    <package name="constants">
      <metrics statements="3" coveredstatements="3" conditionals="0" coveredconditionals="0" methods="0" coveredmethods="0"/>
      <file name="Colors.ts" path="C:\Users\luhud\Downloads\MobileApp\Minicap\src\constants\Colors.ts">
        <metrics statements="3" coveredstatements="3" conditionals="0" coveredconditionals="0" methods="0" coveredmethods="0"/>
        <line num="6" count="1" type="stmt"/>
        <line num="7" count="1" type="stmt"/>
        <line num="9" count="1" type="stmt"/>
      </file>
    </package>
    <package name="hooks">
      <metrics statements="5" coveredstatements="5" conditionals="4" coveredconditionals="3" methods="1" coveredmethods="1"/>
      <file name="useColorScheme.ts" path="C:\Users\luhud\Downloads\MobileApp\Minicap\src\hooks\useColorScheme.ts">
        <metrics statements="0" coveredstatements="0" conditionals="0" coveredconditionals="0" methods="0" coveredmethods="0"/>
      </file>
      <file name="useThemeColor.ts" path="C:\Users\luhud\Downloads\MobileApp\Minicap\src\hooks\useThemeColor.ts">
        <metrics statements="5" coveredstatements="5" conditionals="4" coveredconditionals="3" methods="1" coveredmethods="1"/>
        <line num="13" count="7" type="cond" truecount="1" falsecount="1"/>
        <line num="14" count="7" type="stmt"/>
        <line num="16" count="7" type="cond" truecount="2" falsecount="0"/>
        <line num="17" count="1" type="stmt"/>
        <line num="19" count="6" type="stmt"/>
      </file>
    </package>
  </project>
</coverage>
