{"C:\\Users\\luhud\\Downloads\\MobileApp\\Minicap\\src\\app\\(tabs)\\CampusMap.tsx": {"path":"C:\\Users\\luhud\\Downloads\\MobileApp\\Minicap\\src\\app\\(tabs)\\CampusMap.tsx","statementMap":{"0":{"start":{"line":19,"column":44},"end":{"line":26,"column":1}},"1":{"start":{"line":28,"column":47},"end":{"line":35,"column":1}},"2":{"start":{"line":43,"column":26},"end":{"line":48,"column":1}},"3":{"start":{"line":50,"column":29},"end":{"line":55,"column":1}},"4":{"start":{"line":57,"column":44},"end":{"line":295,"column":1}},"5":{"start":{"line":58,"column":17},"end":{"line":58,"column":69}},"6":{"start":{"line":61,"column":4},"end":{"line":63,"column":29}},"7":{"start":{"line":64,"column":17},"end":{"line":64,"column":45}},"8":{"start":{"line":65,"column":42},"end":{"line":65,"column":71}},"9":{"start":{"line":66,"column":52},"end":{"line":66,"column":76}},"10":{"start":{"line":67,"column":44},"end":{"line":67,"column":73}},"11":{"start":{"line":68,"column":42},"end":{"line":68,"column":57}},"12":{"start":{"line":69,"column":42},"end":{"line":73,"column":17}},"13":{"start":{"line":75,"column":2},"end":{"line":103,"column":9}},"14":{"start":{"line":76,"column":38},"end":{"line":100,"column":5}},"15":{"start":{"line":77,"column":6},"end":{"line":99,"column":7}},"16":{"start":{"line":79,"column":10},"end":{"line":79,"column":60}},"17":{"start":{"line":80,"column":8},"end":{"line":83,"column":9}},"18":{"start":{"line":81,"column":10},"end":{"line":81,"column":71}},"19":{"start":{"line":82,"column":10},"end":{"line":82,"column":17}},"20":{"start":{"line":85,"column":8},"end":{"line":85,"column":35}},"21":{"start":{"line":86,"column":25},"end":{"line":88,"column":10}},"22":{"start":{"line":90,"column":8},"end":{"line":95,"column":11}},"23":{"start":{"line":97,"column":8},"end":{"line":97,"column":54}},"24":{"start":{"line":98,"column":8},"end":{"line":98,"column":51}},"25":{"start":{"line":102,"column":4},"end":{"line":102,"column":32}},"26":{"start":{"line":105,"column":2},"end":{"line":109,"column":15}},"27":{"start":{"line":106,"column":4},"end":{"line":108,"column":5}},"28":{"start":{"line":107,"column":6},"end":{"line":107,"column":51}},"29":{"start":{"line":111,"column":26},"end":{"line":178,"column":3}},"30":{"start":{"line":112,"column":4},"end":{"line":177,"column":7}},"31":{"start":{"line":113,"column":6},"end":{"line":172,"column":7}},"32":{"start":{"line":114,"column":28},"end":{"line":123,"column":44}},"33":{"start":{"line":116,"column":12},"end":{"line":119,"column":13}},"34":{"start":{"line":117,"column":44},"end":{"line":117,"column":50}},"35":{"start":{"line":118,"column":14},"end":{"line":118,"column":45}},"36":{"start":{"line":120,"column":12},"end":{"line":120,"column":77}},"37":{"start":{"line":121,"column":12},"end":{"line":121,"column":24}},"38":{"start":{"line":123,"column":29},"end":{"line":123,"column":43}},"39":{"start":{"line":125,"column":23},"end":{"line":132,"column":9}},"40":{"start":{"line":127,"column":12},"end":{"line":127,"column":42}},"41":{"start":{"line":128,"column":12},"end":{"line":128,"column":44}},"42":{"start":{"line":129,"column":12},"end":{"line":129,"column":23}},"43":{"start":{"line":134,"column":8},"end":{"line":134,"column":46}},"44":{"start":{"line":135,"column":8},"end":{"line":135,"column":47}},"45":{"start":{"line":138,"column":37},"end":{"line":140,"column":24}},"46":{"start":{"line":142,"column":8},"end":{"line":171,"column":10}},"47":{"start":{"line":154,"column":16},"end":{"line":158,"column":19}},"48":{"start":{"line":173,"column":6},"end":{"line":175,"column":8}},"49":{"start":{"line":176,"column":6},"end":{"line":176,"column":18}},"50":{"start":{"line":180,"column":29},"end":{"line":213,"column":3}},"51":{"start":{"line":181,"column":4},"end":{"line":212,"column":5}},"52":{"start":{"line":182,"column":6},"end":{"line":182,"column":28}},"53":{"start":{"line":183,"column":6},"end":{"line":183,"column":29}},"54":{"start":{"line":185,"column":6},"end":{"line":192,"column":7}},"55":{"start":{"line":186,"column":27},"end":{"line":186,"column":77}},"56":{"start":{"line":187,"column":8},"end":{"line":190,"column":9}},"57":{"start":{"line":188,"column":10},"end":{"line":188,"column":59}},"58":{"start":{"line":189,"column":10},"end":{"line":189,"column":17}},"59":{"start":{"line":191,"column":8},"end":{"line":191,"column":35}},"60":{"start":{"line":194,"column":23},"end":{"line":196,"column":8}},"61":{"start":{"line":198,"column":24},"end":{"line":203,"column":7}},"62":{"start":{"line":205,"column":6},"end":{"line":205,"column":33}},"63":{"start":{"line":206,"column":6},"end":{"line":206,"column":55}},"64":{"start":{"line":208,"column":6},"end":{"line":208,"column":55}},"65":{"start":{"line":209,"column":6},"end":{"line":209,"column":57}},"66":{"start":{"line":211,"column":6},"end":{"line":211,"column":29}},"67":{"start":{"line":215,"column":25},"end":{"line":219,"column":3}},"68":{"start":{"line":216,"column":4},"end":{"line":218,"column":5}},"69":{"start":{"line":217,"column":6},"end":{"line":217,"column":28}},"70":{"start":{"line":221,"column":2},"end":{"line":294,"column":4}},"71":{"start":{"line":231,"column":25},"end":{"line":231,"column":45}},"72":{"start":{"line":298,"column":33},"end":{"line":316,"column":1}},"73":{"start":{"line":299,"column":40},"end":{"line":299,"column":63}},"74":{"start":{"line":300,"column":26},"end":{"line":300,"column":70}},"75":{"start":{"line":302,"column":2},"end":{"line":315,"column":4}},"76":{"start":{"line":309,"column":31},"end":{"line":309,"column":59}},"77":{"start":{"line":319,"column":15},"end":{"line":422,"column":2}}},"fnMap":{"0":{"name":"(anonymous_0)","decl":{"start":{"line":57,"column":44},"end":{"line":57,"column":45}},"loc":{"start":{"line":57,"column":62},"end":{"line":295,"column":1}},"line":57},"1":{"name":"(anonymous_1)","decl":{"start":{"line":75,"column":12},"end":{"line":75,"column":13}},"loc":{"start":{"line":75,"column":18},"end":{"line":103,"column":3}},"line":75},"2":{"name":"(anonymous_2)","decl":{"start":{"line":76,"column":38},"end":{"line":76,"column":39}},"loc":{"start":{"line":76,"column":50},"end":{"line":100,"column":5}},"line":76},"3":{"name":"(anonymous_3)","decl":{"start":{"line":105,"column":12},"end":{"line":105,"column":13}},"loc":{"start":{"line":105,"column":18},"end":{"line":109,"column":3}},"line":105},"4":{"name":"(anonymous_4)","decl":{"start":{"line":111,"column":26},"end":{"line":111,"column":27}},"loc":{"start":{"line":111,"column":32},"end":{"line":178,"column":3}},"line":111},"5":{"name":"(anonymous_5)","decl":{"start":{"line":112,"column":29},"end":{"line":112,"column":30}},"loc":{"start":{"line":112,"column":43},"end":{"line":177,"column":5}},"line":112},"6":{"name":"(anonymous_6)","decl":{"start":{"line":115,"column":15},"end":{"line":115,"column":16}},"loc":{"start":{"line":115,"column":27},"end":{"line":122,"column":11}},"line":115},"7":{"name":"(anonymous_7)","decl":{"start":{"line":123,"column":18},"end":{"line":123,"column":19}},"loc":{"start":{"line":123,"column":29},"end":{"line":123,"column":43}},"line":123},"8":{"name":"(anonymous_8)","decl":{"start":{"line":126,"column":10},"end":{"line":126,"column":11}},"loc":{"start":{"line":126,"column":25},"end":{"line":130,"column":11}},"line":126},"9":{"name":"(anonymous_9)","decl":{"start":{"line":153,"column":23},"end":{"line":153,"column":24}},"loc":{"start":{"line":153,"column":29},"end":{"line":159,"column":15}},"line":153},"10":{"name":"(anonymous_10)","decl":{"start":{"line":180,"column":29},"end":{"line":180,"column":30}},"loc":{"start":{"line":180,"column":41},"end":{"line":213,"column":3}},"line":180},"11":{"name":"(anonymous_11)","decl":{"start":{"line":215,"column":25},"end":{"line":215,"column":26}},"loc":{"start":{"line":215,"column":31},"end":{"line":219,"column":3}},"line":215},"12":{"name":"(anonymous_12)","decl":{"start":{"line":231,"column":15},"end":{"line":231,"column":16}},"loc":{"start":{"line":231,"column":25},"end":{"line":231,"column":45}},"line":231},"13":{"name":"(anonymous_13)","decl":{"start":{"line":298,"column":33},"end":{"line":298,"column":34}},"loc":{"start":{"line":298,"column":39},"end":{"line":316,"column":1}},"line":298},"14":{"name":"(anonymous_14)","decl":{"start":{"line":309,"column":25},"end":{"line":309,"column":26}},"loc":{"start":{"line":309,"column":31},"end":{"line":309,"column":59}},"line":309}},"branchMap":{"0":{"loc":{"start":{"line":58,"column":17},"end":{"line":58,"column":69}},"type":"cond-expr","locations":[{"start":{"line":58,"column":45},"end":{"line":58,"column":54}},{"start":{"line":58,"column":57},"end":{"line":58,"column":69}}],"line":58},"1":{"loc":{"start":{"line":61,"column":4},"end":{"line":63,"column":29}},"type":"cond-expr","locations":[{"start":{"line":62,"column":8},"end":{"line":62,"column":26}},{"start":{"line":63,"column":8},"end":{"line":63,"column":29}}],"line":61},"2":{"loc":{"start":{"line":80,"column":8},"end":{"line":83,"column":9}},"type":"if","locations":[{"start":{"line":80,"column":8},"end":{"line":83,"column":9}},{"start":{},"end":{}}],"line":80},"3":{"loc":{"start":{"line":106,"column":4},"end":{"line":108,"column":5}},"type":"if","locations":[{"start":{"line":106,"column":4},"end":{"line":108,"column":5}},{"start":{},"end":{}}],"line":106},"4":{"loc":{"start":{"line":113,"column":6},"end":{"line":172,"column":7}},"type":"if","locations":[{"start":{"line":113,"column":6},"end":{"line":172,"column":7}},{"start":{},"end":{}}],"line":113},"5":{"loc":{"start":{"line":116,"column":12},"end":{"line":119,"column":13}},"type":"if","locations":[{"start":{"line":116,"column":12},"end":{"line":119,"column":13}},{"start":{},"end":{}}],"line":116},"6":{"loc":{"start":{"line":116,"column":16},"end":{"line":116,"column":60}},"type":"binary-expr","locations":[{"start":{"line":116,"column":16},"end":{"line":116,"column":37}},{"start":{"line":116,"column":41},"end":{"line":116,"column":60}}],"line":116},"7":{"loc":{"start":{"line":185,"column":6},"end":{"line":192,"column":7}},"type":"if","locations":[{"start":{"line":185,"column":6},"end":{"line":192,"column":7}},{"start":{},"end":{}}],"line":185},"8":{"loc":{"start":{"line":187,"column":8},"end":{"line":190,"column":9}},"type":"if","locations":[{"start":{"line":187,"column":8},"end":{"line":190,"column":9}},{"start":{},"end":{}}],"line":187},"9":{"loc":{"start":{"line":216,"column":4},"end":{"line":218,"column":5}},"type":"if","locations":[{"start":{"line":216,"column":4},"end":{"line":218,"column":5}},{"start":{},"end":{}}],"line":216},"10":{"loc":{"start":{"line":224,"column":9},"end":{"line":228,"column":16}},"type":"cond-expr","locations":[{"start":{"line":225,"column":10},"end":{"line":227,"column":17}},{"start":{"line":228,"column":12},"end":{"line":228,"column":16}}],"line":224},"11":{"loc":{"start":{"line":246,"column":11},"end":{"line":253,"column":11}},"type":"binary-expr","locations":[{"start":{"line":246,"column":11},"end":{"line":246,"column":28}},{"start":{"line":246,"column":32},"end":{"line":246,"column":44}},{"start":{"line":247,"column":12},"end":{"line":252,"column":14}}],"line":246},"12":{"loc":{"start":{"line":256,"column":11},"end":{"line":264,"column":11}},"type":"binary-expr","locations":[{"start":{"line":256,"column":11},"end":{"line":256,"column":23}},{"start":{"line":257,"column":12},"end":{"line":263,"column":14}}],"line":256},"13":{"loc":{"start":{"line":267,"column":9},"end":{"line":275,"column":9}},"type":"binary-expr","locations":[{"start":{"line":267,"column":9},"end":{"line":267,"column":21}},{"start":{"line":268,"column":10},"end":{"line":274,"column":17}}],"line":267},"14":{"loc":{"start":{"line":281,"column":12},"end":{"line":281,"column":56}},"type":"binary-expr","locations":[{"start":{"line":281,"column":12},"end":{"line":281,"column":24}},{"start":{"line":281,"column":28},"end":{"line":281,"column":56}}],"line":281},"15":{"loc":{"start":{"line":286,"column":11},"end":{"line":290,"column":11}},"type":"cond-expr","locations":[{"start":{"line":287,"column":12},"end":{"line":287,"column":60}},{"start":{"line":289,"column":12},"end":{"line":289,"column":62}}],"line":286},"16":{"loc":{"start":{"line":300,"column":26},"end":{"line":300,"column":70}},"type":"cond-expr","locations":[{"start":{"line":300,"column":40},"end":{"line":300,"column":52}},{"start":{"line":300,"column":55},"end":{"line":300,"column":70}}],"line":300}},"s":{"0":1,"1":1,"2":1,"3":1,"4":1,"5":8,"6":8,"7":8,"8":8,"9":8,"10":8,"11":8,"12":8,"13":8,"14":0,"15":0,"16":0,"17":0,"18":0,"19":0,"20":0,"21":0,"22":0,"23":0,"24":0,"25":0,"26":8,"27":0,"28":0,"29":8,"30":8,"31":496,"32":496,"33":7760,"34":7760,"35":7760,"36":0,"37":0,"38":7760,"39":496,"40":7760,"41":7760,"42":7760,"43":496,"44":496,"45":496,"46":496,"47":0,"48":0,"49":0,"50":8,"51":0,"52":0,"53":0,"54":0,"55":0,"56":0,"57":0,"58":0,"59":0,"60":0,"61":0,"62":0,"63":0,"64":0,"65":0,"66":0,"67":8,"68":0,"69":0,"70":8,"71":0,"72":1,"73":9,"74":8,"75":8,"76":0,"77":1},"f":{"0":8,"1":0,"2":0,"3":0,"4":8,"5":496,"6":7760,"7":7760,"8":7760,"9":0,"10":0,"11":0,"12":0,"13":9,"14":0},"b":{"0":[8,0],"1":[8,0],"2":[0,0],"3":[0,0],"4":[496,0],"5":[7760,0],"6":[7760,7760],"7":[0,0],"8":[0,0],"9":[0,0],"10":[0,8],"11":[8,0,0],"12":[8,0],"13":[8,0],"14":[8,0],"15":[0,8],"16":[8,0]},"_coverageSchema":"1a1c01bbd47fc00a2c39e90264f33305004495a9","hash":"30f86f80db4488fc230c91c198c456298e3582c2"}
,"C:\\Users\\luhud\\Downloads\\MobileApp\\Minicap\\src\\app\\(tabs)\\ClassSchedule.tsx": {"path":"C:\\Users\\luhud\\Downloads\\MobileApp\\Minicap\\src\\app\\(tabs)\\ClassSchedule.tsx","statementMap":{"0":{"start":{"line":5,"column":22},"end":{"line":13,"column":1}},"1":{"start":{"line":6,"column":2},"end":{"line":12,"column":4}}},"fnMap":{"0":{"name":"(anonymous_0)","decl":{"start":{"line":5,"column":22},"end":{"line":5,"column":23}},"loc":{"start":{"line":5,"column":28},"end":{"line":13,"column":1}},"line":5}},"branchMap":{},"s":{"0":1,"1":1},"f":{"0":1},"b":{},"_coverageSchema":"1a1c01bbd47fc00a2c39e90264f33305004495a9","hash":"4503e46dc64457d870f836f02e1cce67db4d2b3a"}
,"C:\\Users\\luhud\\Downloads\\MobileApp\\Minicap\\src\\app\\(tabs)\\FindBuilding.tsx": {"path":"C:\\Users\\luhud\\Downloads\\MobileApp\\Minicap\\src\\app\\(tabs)\\FindBuilding.tsx","statementMap":{"0":{"start":{"line":5,"column":21},"end":{"line":13,"column":1}},"1":{"start":{"line":6,"column":2},"end":{"line":12,"column":4}}},"fnMap":{"0":{"name":"(anonymous_0)","decl":{"start":{"line":5,"column":21},"end":{"line":5,"column":22}},"loc":{"start":{"line":5,"column":27},"end":{"line":13,"column":1}},"line":5}},"branchMap":{},"s":{"0":1,"1":1},"f":{"0":1},"b":{},"_coverageSchema":"1a1c01bbd47fc00a2c39e90264f33305004495a9","hash":"297f909731e6a7671a42d9aff9ca5d70838e8ea2"}
,"C:\\Users\\luhud\\Downloads\\MobileApp\\Minicap\\src\\app\\(tabs)\\Home.tsx": {"path":"C:\\Users\\luhud\\Downloads\\MobileApp\\Minicap\\src\\app\\(tabs)\\Home.tsx","statementMap":{"0":{"start":{"line":5,"column":13},"end":{"line":15,"column":1}},"1":{"start":{"line":6,"column":2},"end":{"line":14,"column":4}}},"fnMap":{"0":{"name":"(anonymous_0)","decl":{"start":{"line":5,"column":13},"end":{"line":5,"column":14}},"loc":{"start":{"line":5,"column":19},"end":{"line":15,"column":1}},"line":5}},"branchMap":{},"s":{"0":1,"1":1},"f":{"0":1},"b":{},"_coverageSchema":"1a1c01bbd47fc00a2c39e90264f33305004495a9","hash":"0489c1579d8f4dd8e39dbfb02da66573c446b968"}
,"C:\\Users\\luhud\\Downloads\\MobileApp\\Minicap\\src\\components\\Loader.tsx": {"path":"C:\\Users\\luhud\\Downloads\\MobileApp\\Minicap\\src\\components\\Loader.tsx","statementMap":{"0":{"start":{"line":9,"column":38},"end":{"line":30,"column":1}},"1":{"start":{"line":10,"column":23},"end":{"line":10,"column":54}},"2":{"start":{"line":12,"column":2},"end":{"line":12,"column":30}},"3":{"start":{"line":12,"column":18},"end":{"line":12,"column":30}},"4":{"start":{"line":14,"column":2},"end":{"line":29,"column":4}}},"fnMap":{"0":{"name":"(anonymous_0)","decl":{"start":{"line":9,"column":38},"end":{"line":9,"column":39}},"loc":{"start":{"line":9,"column":57},"end":{"line":30,"column":1}},"line":9}},"branchMap":{"0":{"loc":{"start":{"line":12,"column":2},"end":{"line":12,"column":30}},"type":"if","locations":[{"start":{"line":12,"column":2},"end":{"line":12,"column":30}},{"start":{},"end":{}}],"line":12}},"s":{"0":1,"1":2,"2":2,"3":1,"4":1},"f":{"0":2},"b":{"0":[1,1]},"_coverageSchema":"1a1c01bbd47fc00a2c39e90264f33305004495a9","hash":"efbcba79dbdf40975438dee35845b5babd557028"}
,"C:\\Users\\luhud\\Downloads\\MobileApp\\Minicap\\src\\components\\ThemedText.tsx": {"path":"C:\\Users\\luhud\\Downloads\\MobileApp\\Minicap\\src\\components\\ThemedText.tsx","statementMap":{"0":{"start":{"line":18,"column":16},"end":{"line":18,"column":77}},"1":{"start":{"line":20,"column":2},"end":{"line":33,"column":4}},"2":{"start":{"line":36,"column":15},"end":{"line":60,"column":2}}},"fnMap":{"0":{"name":"ThemedText","decl":{"start":{"line":11,"column":16},"end":{"line":11,"column":26}},"loc":{"start":{"line":17,"column":20},"end":{"line":34,"column":1}},"line":17}},"branchMap":{"0":{"loc":{"start":{"line":15,"column":2},"end":{"line":15,"column":18}},"type":"default-arg","locations":[{"start":{"line":15,"column":9},"end":{"line":15,"column":18}}],"line":15},"1":{"loc":{"start":{"line":24,"column":8},"end":{"line":24,"column":55}},"type":"cond-expr","locations":[{"start":{"line":24,"column":29},"end":{"line":24,"column":43}},{"start":{"line":24,"column":46},"end":{"line":24,"column":55}}],"line":24},"2":{"loc":{"start":{"line":25,"column":8},"end":{"line":25,"column":51}},"type":"cond-expr","locations":[{"start":{"line":25,"column":27},"end":{"line":25,"column":39}},{"start":{"line":25,"column":42},"end":{"line":25,"column":51}}],"line":25},"3":{"loc":{"start":{"line":26,"column":8},"end":{"line":26,"column":71}},"type":"cond-expr","locations":[{"start":{"line":26,"column":37},"end":{"line":26,"column":59}},{"start":{"line":26,"column":62},"end":{"line":26,"column":71}}],"line":26},"4":{"loc":{"start":{"line":27,"column":8},"end":{"line":27,"column":57}},"type":"cond-expr","locations":[{"start":{"line":27,"column":30},"end":{"line":27,"column":45}},{"start":{"line":27,"column":48},"end":{"line":27,"column":57}}],"line":27},"5":{"loc":{"start":{"line":28,"column":8},"end":{"line":28,"column":49}},"type":"cond-expr","locations":[{"start":{"line":28,"column":26},"end":{"line":28,"column":37}},{"start":{"line":28,"column":40},"end":{"line":28,"column":49}}],"line":28}},"s":{"0":7,"1":7,"2":1},"f":{"0":7},"b":{"0":[3],"1":[3,4],"2":[1,6],"3":[1,6],"4":[1,6],"5":[1,6]},"_coverageSchema":"1a1c01bbd47fc00a2c39e90264f33305004495a9","hash":"8daa2194813c78039a49dd5cc6918e90c02af8c1"}
,"C:\\Users\\luhud\\Downloads\\MobileApp\\Minicap\\src\\components\\ThemedView.tsx": {"path":"C:\\Users\\luhud\\Downloads\\MobileApp\\Minicap\\src\\components\\ThemedView.tsx","statementMap":{"0":{"start":{"line":16,"column":26},"end":{"line":19,"column":3}},"1":{"start":{"line":21,"column":2},"end":{"line":21,"column":71}}},"fnMap":{"0":{"name":"ThemedView","decl":{"start":{"line":10,"column":16},"end":{"line":10,"column":26}},"loc":{"start":{"line":15,"column":20},"end":{"line":22,"column":1}},"line":15}},"branchMap":{},"s":{"0":3,"1":3},"f":{"0":3},"b":{},"_coverageSchema":"1a1c01bbd47fc00a2c39e90264f33305004495a9","hash":"f9353340fe0fa4180c6a03aaff0767b825762fe0"}
,"C:\\Users\\luhud\\Downloads\\MobileApp\\Minicap\\src\\constants\\Colors.ts": {"path":"C:\\Users\\luhud\\Downloads\\MobileApp\\Minicap\\src\\constants\\Colors.ts","statementMap":{"0":{"start":{"line":6,"column":23},"end":{"line":6,"column":32}},"1":{"start":{"line":7,"column":22},"end":{"line":7,"column":28}},"2":{"start":{"line":9,"column":22},"end":{"line":26,"column":1}}},"fnMap":{},"branchMap":{},"s":{"0":1,"1":1,"2":1},"f":{},"b":{},"_coverageSchema":"1a1c01bbd47fc00a2c39e90264f33305004495a9","hash":"ba24c3b6fe4e35d8c0cb51682fbe487eb475075a"}
,"C:\\Users\\luhud\\Downloads\\MobileApp\\Minicap\\src\\hooks\\useColorScheme.ts": {"path":"C:\\Users\\luhud\\Downloads\\MobileApp\\Minicap\\src\\hooks\\useColorScheme.ts","statementMap":{},"fnMap":{},"branchMap":{},"s":{},"f":{},"b":{},"_coverageSchema":"1a1c01bbd47fc00a2c39e90264f33305004495a9","hash":"a1bbfbd6de2c73bc0827e69c100faf3d9caac690"}
,"C:\\Users\\luhud\\Downloads\\MobileApp\\Minicap\\src\\hooks\\useThemeColor.ts": {"path":"C:\\Users\\luhud\\Downloads\\MobileApp\\Minicap\\src\\hooks\\useThemeColor.ts","statementMap":{"0":{"start":{"line":13,"column":16},"end":{"line":13,"column":43}},"1":{"start":{"line":14,"column":25},"end":{"line":14,"column":37}},"2":{"start":{"line":16,"column":2},"end":{"line":20,"column":3}},"3":{"start":{"line":17,"column":4},"end":{"line":17,"column":26}},"4":{"start":{"line":19,"column":4},"end":{"line":19,"column":36}}},"fnMap":{"0":{"name":"useThemeColor","decl":{"start":{"line":9,"column":16},"end":{"line":9,"column":29}},"loc":{"start":{"line":12,"column":2},"end":{"line":21,"column":1}},"line":12}},"branchMap":{"0":{"loc":{"start":{"line":13,"column":16},"end":{"line":13,"column":43}},"type":"binary-expr","locations":[{"start":{"line":13,"column":16},"end":{"line":13,"column":32}},{"start":{"line":13,"column":36},"end":{"line":13,"column":43}}],"line":13},"1":{"loc":{"start":{"line":16,"column":2},"end":{"line":20,"column":3}},"type":"if","locations":[{"start":{"line":16,"column":2},"end":{"line":20,"column":3}},{"start":{"line":18,"column":9},"end":{"line":20,"column":3}}],"line":16}},"s":{"0":7,"1":7,"2":7,"3":1,"4":6},"f":{"0":7},"b":{"0":[7,0],"1":[1,6]},"_coverageSchema":"1a1c01bbd47fc00a2c39e90264f33305004495a9","hash":"d989524f27a2ca1e6da03bcc4852ca5598ca4175"}
}
