TN:
SF:app\(tabs)\CampusMap.tsx
FN:57,(anonymous_0)
FN:75,(anonymous_1)
FN:76,(anonymous_2)
FN:105,(anonymous_3)
FN:111,(anonymous_4)
FN:112,(anonymous_5)
FN:115,(anonymous_6)
FN:123,(anonymous_7)
FN:126,(anonymous_8)
FN:153,(anonymous_9)
FN:180,(anonymous_10)
FN:215,(anonymous_11)
FN:231,(anonymous_12)
FN:298,(anonymous_13)
FN:309,(anonymous_14)
FNF:15
FNH:7
FNDA:8,(anonymous_0)
FNDA:0,(anonymous_1)
FNDA:0,(anonymous_2)
FNDA:0,(anonymous_3)
FNDA:8,(anonymous_4)
FNDA:496,(anonymous_5)
FNDA:7760,(anonymous_6)
FNDA:7760,(anonymous_7)
FNDA:7760,(anonymous_8)
FNDA:0,(anonymous_9)
FNDA:0,(anonymous_10)
FNDA:0,(anonymous_11)
FNDA:0,(anonymous_12)
FNDA:9,(anonymous_13)
FNDA:0,(anonymous_14)
DA:19,1
DA:28,1
DA:43,1
DA:50,1
DA:57,1
DA:58,8
DA:61,8
DA:64,8
DA:65,8
DA:66,8
DA:67,8
DA:68,8
DA:69,8
DA:75,8
DA:76,0
DA:77,0
DA:79,0
DA:80,0
DA:81,0
DA:82,0
DA:85,0
DA:86,0
DA:90,0
DA:97,0
DA:98,0
DA:102,0
DA:105,8
DA:106,0
DA:107,0
DA:111,8
DA:112,8
DA:113,496
DA:114,496
DA:116,7760
DA:117,7760
DA:118,7760
DA:120,0
DA:121,0
DA:123,7760
DA:125,496
DA:127,7760
DA:128,7760
DA:129,7760
DA:134,496
DA:135,496
DA:138,496
DA:142,496
DA:154,0
DA:173,0
DA:176,0
DA:180,8
DA:181,0
DA:182,0
DA:183,0
DA:185,0
DA:186,0
DA:187,0
DA:188,0
DA:189,0
DA:191,0
DA:194,0
DA:198,0
DA:205,0
DA:206,0
DA:208,0
DA:209,0
DA:211,0
DA:215,8
DA:216,0
DA:217,0
DA:221,8
DA:231,0
DA:298,1
DA:299,9
DA:300,8
DA:302,8
DA:309,0
DA:319,1
LF:78
LH:39
BRDA:58,0,0,8
BRDA:58,0,1,0
BRDA:61,1,0,8
BRDA:61,1,1,0
BRDA:80,2,0,0
BRDA:80,2,1,0
BRDA:106,3,0,0
BRDA:106,3,1,0
BRDA:113,4,0,496
BRDA:113,4,1,0
BRDA:116,5,0,7760
BRDA:116,5,1,0
BRDA:116,6,0,7760
BRDA:116,6,1,7760
BRDA:185,7,0,0
BRDA:185,7,1,0
BRDA:187,8,0,0
BRDA:187,8,1,0
BRDA:216,9,0,0
BRDA:216,9,1,0
BRDA:224,10,0,0
BRDA:224,10,1,8
BRDA:246,11,0,8
BRDA:246,11,1,0
BRDA:246,11,2,0
BRDA:256,12,0,8
BRDA:256,12,1,0
BRDA:267,13,0,8
BRDA:267,13,1,0
BRDA:281,14,0,8
BRDA:281,14,1,0
BRDA:286,15,0,0
BRDA:286,15,1,8
BRDA:300,16,0,8
BRDA:300,16,1,0
BRF:35
BRH:13
end_of_record
TN:
SF:app\(tabs)\ClassSchedule.tsx
FN:5,(anonymous_0)
FNF:1
FNH:1
FNDA:1,(anonymous_0)
DA:5,1
DA:6,1
LF:2
LH:2
BRF:0
BRH:0
end_of_record
TN:
SF:app\(tabs)\FindBuilding.tsx
FN:5,(anonymous_0)
FNF:1
FNH:1
FNDA:1,(anonymous_0)
DA:5,1
DA:6,1
LF:2
LH:2
BRF:0
BRH:0
end_of_record
TN:
SF:app\(tabs)\Home.tsx
FN:5,(anonymous_0)
FNF:1
FNH:1
FNDA:1,(anonymous_0)
DA:5,1
DA:6,1
LF:2
LH:2
BRF:0
BRH:0
end_of_record
TN:
SF:components\Loader.tsx
FN:9,(anonymous_0)
FNF:1
FNH:1
FNDA:2,(anonymous_0)
DA:9,1
DA:10,2
DA:12,2
DA:14,1
LF:4
LH:4
BRDA:12,0,0,1
BRDA:12,0,1,1
BRF:2
BRH:2
end_of_record
TN:
SF:components\ThemedText.tsx
FN:11,ThemedText
FNF:1
FNH:1
FNDA:7,ThemedText
DA:18,7
DA:20,7
DA:36,1
LF:3
LH:3
BRDA:15,0,0,3
BRDA:24,1,0,3
BRDA:24,1,1,4
BRDA:25,2,0,1
BRDA:25,2,1,6
BRDA:26,3,0,1
BRDA:26,3,1,6
BRDA:27,4,0,1
BRDA:27,4,1,6
BRDA:28,5,0,1
BRDA:28,5,1,6
BRF:11
BRH:11
end_of_record
TN:
SF:components\ThemedView.tsx
FN:10,ThemedView
FNF:1
FNH:1
FNDA:3,ThemedView
DA:16,3
DA:21,3
LF:2
LH:2
BRF:0
BRH:0
end_of_record
TN:
SF:constants\Colors.ts
FNF:0
FNH:0
DA:6,1
DA:7,1
DA:9,1
LF:3
LH:3
BRF:0
BRH:0
end_of_record
TN:
SF:hooks\useColorScheme.ts
FNF:0
FNH:0
LF:0
LH:0
BRF:0
BRH:0
end_of_record
TN:
SF:hooks\useThemeColor.ts
FN:9,useThemeColor
FNF:1
FNH:1
FNDA:7,useThemeColor
DA:13,7
DA:14,7
DA:16,7
DA:17,1
DA:19,6
LF:5
LH:5
BRDA:13,0,0,7
BRDA:13,0,1,0
BRDA:16,1,0,1
BRDA:16,1,1,6
BRF:4
BRH:3
end_of_record
