TN:
SF:app\(tabs)\CampusMap.tsx
FN:54,(anonymous_0)
FN:67,(anonymous_1)
FN:68,(anonymous_2)
FN:97,(anonymous_3)
FN:103,(anonymous_4)
FN:147,(anonymous_5)
FN:199,(anonymous_6)
FN:210,(anonymous_7)
FNF:8
FNH:8
FNDA:10,(anonymous_0)
FNDA:4,(anonymous_1)
FNDA:4,(anonymous_2)
FNDA:8,(anonymous_3)
FNDA:1,(anonymous_4)
FNDA:20,(anonymous_5)
FNDA:8,(anonymous_6)
FNDA:4,(anonymous_7)
DA:17,1
DA:26,1
DA:40,1
DA:47,1
DA:54,1
DA:55,10
DA:58,10
DA:61,10
DA:62,10
DA:63,10
DA:64,10
DA:65,10
DA:67,10
DA:68,4
DA:69,4
DA:71,4
DA:72,4
DA:73,0
DA:74,0
DA:77,4
DA:78,4
DA:82,4
DA:89,0
DA:90,0
DA:94,4
DA:97,10
DA:98,8
DA:99,0
DA:103,10
DA:104,1
DA:105,1
DA:106,1
DA:108,1
DA:109,1
DA:110,1
DA:111,0
DA:112,0
DA:114,1
DA:117,1
DA:121,1
DA:128,1
DA:129,1
DA:131,0
DA:132,0
DA:134,1
DA:138,10
DA:147,20
DA:199,1
DA:200,8
DA:201,8
DA:203,8
DA:210,4
DA:219,1
LF:53
LH:44
BRDA:55,0,0,8
BRDA:55,0,1,2
BRDA:58,1,0,8
BRDA:58,1,1,2
BRDA:72,2,0,0
BRDA:72,2,1,4
BRDA:98,3,0,0
BRDA:98,3,1,8
BRDA:108,4,0,1
BRDA:108,4,1,0
BRDA:110,5,0,0
BRDA:110,5,1,1
BRDA:140,6,0,0
BRDA:140,6,1,10
BRDA:163,7,0,10
BRDA:163,7,1,6
BRDA:163,7,2,6
BRDA:170,8,0,10
BRDA:170,8,1,6
BRDA:184,9,0,10
BRDA:184,9,1,0
BRDA:189,10,0,0
BRDA:189,10,1,10
BRDA:201,11,0,6
BRDA:201,11,1,2
BRF:25
BRH:18
end_of_record
TN:
SF:app\(tabs)\ClassSchedule.tsx
FN:5,(anonymous_0)
FNF:1
FNH:1
FNDA:1,(anonymous_0)
DA:5,1
DA:6,1
LF:2
LH:2
BRF:0
BRH:0
end_of_record
TN:
SF:app\(tabs)\FindBuilding.tsx
FN:5,(anonymous_0)
FNF:1
FNH:1
FNDA:1,(anonymous_0)
DA:5,1
DA:6,1
LF:2
LH:2
BRF:0
BRH:0
end_of_record
TN:
SF:app\(tabs)\Home.tsx
FN:5,(anonymous_0)
FNF:1
FNH:1
FNDA:1,(anonymous_0)
DA:5,1
DA:6,1
LF:2
LH:2
BRF:0
BRH:0
end_of_record
TN:
SF:components\Loader.tsx
FN:9,(anonymous_0)
FNF:1
FNH:1
FNDA:2,(anonymous_0)
DA:9,1
DA:10,2
DA:12,2
DA:14,1
LF:4
LH:4
BRDA:12,0,0,1
BRDA:12,0,1,1
BRF:2
BRH:2
end_of_record
TN:
SF:components\ThemedText.tsx
FN:11,ThemedText
FNF:1
FNH:1
FNDA:7,ThemedText
DA:18,7
DA:20,7
DA:36,1
LF:3
LH:3
BRDA:15,0,0,3
BRDA:24,1,0,3
BRDA:24,1,1,4
BRDA:25,2,0,1
BRDA:25,2,1,6
BRDA:26,3,0,1
BRDA:26,3,1,6
BRDA:27,4,0,1
BRDA:27,4,1,6
BRDA:28,5,0,1
BRDA:28,5,1,6
BRF:11
BRH:11
end_of_record
TN:
SF:components\ThemedView.tsx
FN:10,ThemedView
FNF:1
FNH:1
FNDA:3,ThemedView
DA:16,3
DA:21,3
LF:2
LH:2
BRF:0
BRH:0
end_of_record
TN:
SF:constants\Colors.ts
FNF:0
FNH:0
DA:6,1
DA:7,1
DA:9,1
LF:3
LH:3
BRF:0
BRH:0
end_of_record
TN:
SF:hooks\useColorScheme.ts
FNF:0
FNH:0
LF:0
LH:0
BRF:0
BRH:0
end_of_record
TN:
SF:hooks\useThemeColor.ts
FN:9,useThemeColor
FNF:1
FNH:1
FNDA:7,useThemeColor
DA:13,7
DA:14,7
DA:16,7
DA:17,1
DA:19,6
LF:5
LH:5
BRDA:13,0,0,7
BRDA:13,0,1,0
BRDA:16,1,0,1
BRDA:16,1,1,6
BRF:4
BRH:3
end_of_record
